<?xml version="1.0" encoding="UTF-8"?>
<!-- Generated by org.testng.reporters.JUnitReportReporter -->
<testsuite skipped="0" hostname="DESKTOP-5B56HON" name="Automation.ExcelDriven.excelextract" tests="1" failures="0" timestamp="08 Feb 2020 21:39:54 GMT" time="0.871" errors="0">
  <testcase name="excel" time="0.871" classname="Automation.ExcelDriven.excelextract"/>
</testsuite> <!-- Automation.ExcelDriven.excelextract -->
